
SQL*Loader: Release 19.0.0.0.0 - Production on Thu Feb 29 23:00:48 2024
Version 19.3.0.0.0

Copyright (c) 1982, 2019, Oracle and/or its affiliates.  All rights reserved.

Control File:   bonus.ctl
Data File:      exportarbbdd.csv
  Bad File:     exportarbbdd.bad
  Discard File:  none specified
 
 (Allow all discards)

Number to load: ALL
Number to skip: 0
Errors allowed: 50
Bind array:     250 rows, maximum of 1048576 bytes
Continuation:    none specified
Path used:      Conventional

Table BONUS, loaded from every logical record.
Insert option in effect for this table: APPEND
TRAILING NULLCOLS option in effect

   Column Name                  Position   Len  Term Encl Datatype
------------------------------ ---------- ----- ---- ---- ---------------------
EMPNO                               FIRST     *   ,  O(") CHARACTER            
BONUS                                NEXT     *   ,  O(") CHARACTER            

Record 1: Rejected - Error on table BONUS, column EMPNO.
ORA-01722: numero no valido

Record 2: Rejected - Error on table BONUS, column EMPNO.
ORA-01722: numero no valido

Record 3: Rejected - Error on table BONUS, column EMPNO.
ORA-01722: numero no valido

Record 4: Rejected - Error on table BONUS, column EMPNO.
ORA-01722: numero no valido

Record 5: Rejected - Error on table BONUS, column EMPNO.
ORA-01722: numero no valido

Record 6: Rejected - Error on table BONUS, column EMPNO.
ORA-01722: numero no valido

Record 7: Rejected - Error on table BONUS, column EMPNO.
ORA-01722: numero no valido

Record 8: Rejected - Error on table BONUS, column EMPNO.
ORA-01722: numero no valido

Record 9: Rejected - Error on table BONUS, column EMPNO.
ORA-01722: numero no valido

Record 10: Rejected - Error on table BONUS, column EMPNO.
ORA-01722: numero no valido

Record 11: Rejected - Error on table BONUS, column EMPNO.
ORA-01722: numero no valido

Record 12: Rejected - Error on table BONUS, column EMPNO.
ORA-01722: numero no valido

Record 13: Rejected - Error on table BONUS, column EMPNO.
ORA-01722: numero no valido

Record 14: Rejected - Error on table BONUS, column EMPNO.
ORA-01722: numero no valido

Record 15: Rejected - Error on table BONUS, column EMPNO.
ORA-01722: numero no valido

Record 16: Rejected - Error on table BONUS, column EMPNO.
ORA-01722: numero no valido

Record 17: Rejected - Error on table BONUS, column EMPNO.
ORA-01722: numero no valido

Record 18: Rejected - Error on table BONUS, column EMPNO.
ORA-01722: numero no valido

Record 19: Rejected - Error on table BONUS, column EMPNO.
ORA-01722: numero no valido

Record 20: Rejected - Error on table BONUS, column EMPNO.
ORA-01722: numero no valido

Record 21: Rejected - Error on table BONUS, column EMPNO.
ORA-01722: numero no valido

Record 22: Rejected - Error on table BONUS, column EMPNO.
ORA-01722: numero no valido

Record 23: Rejected - Error on table BONUS, column EMPNO.
ORA-01722: numero no valido

Record 24: Rejected - Error on table BONUS, column EMPNO.
ORA-01722: numero no valido

Record 25: Rejected - Error on table BONUS, column EMPNO.
ORA-01722: numero no valido

Record 26: Rejected - Error on table BONUS, column EMPNO.
ORA-01722: numero no valido

Record 27: Rejected - Error on table BONUS, column EMPNO.
ORA-01722: numero no valido

Record 28: Rejected - Error on table BONUS, column EMPNO.
ORA-01722: numero no valido

Record 29: Rejected - Error on table BONUS, column EMPNO.
ORA-01722: numero no valido

Record 30: Rejected - Error on table BONUS, column EMPNO.
ORA-01722: numero no valido

Record 31: Rejected - Error on table BONUS, column EMPNO.
ORA-01722: numero no valido

Record 32: Rejected - Error on table BONUS, column EMPNO.
ORA-01722: numero no valido

Record 33: Rejected - Error on table BONUS, column EMPNO.
ORA-01722: numero no valido

Record 34: Rejected - Error on table BONUS, column EMPNO.
ORA-01722: numero no valido

Record 35: Rejected - Error on table BONUS, column EMPNO.
ORA-01722: numero no valido

Record 36: Rejected - Error on table BONUS, column EMPNO.
ORA-01722: numero no valido

Record 37: Rejected - Error on table BONUS, column EMPNO.
ORA-01722: numero no valido

Record 38: Rejected - Error on table BONUS, column EMPNO.
ORA-01722: numero no valido

Record 39: Rejected - Error on table BONUS, column EMPNO.
ORA-01722: numero no valido

Record 40: Rejected - Error on table BONUS, column EMPNO.
ORA-01722: numero no valido

Record 41: Rejected - Error on table BONUS, column EMPNO.
ORA-01722: numero no valido

Record 42: Rejected - Error on table BONUS, column EMPNO.
ORA-01722: numero no valido

Record 43: Rejected - Error on table BONUS, column EMPNO.
ORA-01722: numero no valido

Record 44: Rejected - Error on table BONUS, column EMPNO.
ORA-01722: numero no valido

Record 45: Rejected - Error on table BONUS, column EMPNO.
ORA-01722: numero no valido

Record 46: Rejected - Error on table BONUS, column EMPNO.
ORA-01722: numero no valido

Record 47: Rejected - Error on table BONUS, column EMPNO.
ORA-01722: numero no valido

Record 48: Rejected - Error on table BONUS, column EMPNO.
ORA-01722: numero no valido

Record 49: Rejected - Error on table BONUS, column EMPNO.
ORA-01722: numero no valido

Record 50: Rejected - Error on table BONUS, column EMPNO.
ORA-01722: numero no valido

Record 51: Rejected - Error on table BONUS, column EMPNO.
ORA-01722: numero no valido


MAXIMUM ERROR COUNT EXCEEDED - Above statistics reflect partial run.

Table BONUS:
  0 Rows successfully loaded.
  51 Rows not loaded due to data errors.
  0 Rows not loaded because all WHEN clauses were failed.
  0 Rows not loaded because all fields were null.


Space allocated for bind array:                 129000 bytes(250 rows)
Read   buffer bytes: 1048576

Total logical records skipped:          0
Total logical records read:            77
Total logical records rejected:        51
Total logical records discarded:        0

Run began on Thu Feb 29 23:00:48 2024
Run ended on Thu Feb 29 23:00:49 2024

Elapsed time was:     00:00:00.70
CPU time was:         00:00:00.02
